<?xml version="1.0" encoding="UTF-8"?>
<!-- Generated by org.testng.reporters.JUnitXMLReporter -->
<testsuite ignored="0" hostname="DESKTOP-MM44GV1" failures="1" tests="1" name="Test1" time="0.008" errors="0" timestamp="2023-07-21T14:08:06 IST">
  <testcase classname="CrossBrowserTesting.CrossBrowser" name="OrangeHRM" time="0.0">
    <failure type="org.testng.TestNGException" message="
Parameter &amp;apos;BrowserName&amp;apos; is required by @Test on method OrangeHRM but has not been marked @Optional or defined
in C:\Users\Dell\eclipse-workspace\11th March_TestNG\testngCrossBrowserTesting.xml">
      <![CDATA[org.testng.TestNGException: 
Parameter 'BrowserName' is required by @Test on method OrangeHRM but has not been marked @Optional or defined
in C:\Users\Dell\eclipse-workspace\11th March_TestNG\testngCrossBrowserTesting.xml
at java.base/java.util.ArrayList.forEach(ArrayList.java:1511)
... Removed 26 stack frames]]>
    </failure>
  </testcase> <!-- OrangeHRM -->
</testsuite> <!-- Test1 -->
